<?xml version="1.0" encoding="UTF-8"?>
<testsuite xmlns:xsi="http://www.w3.org/2001/XMLSchema-instance" xsi:noNamespaceSchemaLocation="https://maven.apache.org/surefire/maven-surefire-plugin/xsd/surefire-test-report-3.0.xsd" version="3.0" name="better.cloud.SecretSantaTest" time="0.124" tests="1" errors="0" skipped="0" failures="0">
  <properties>
    <property name="java.specification.version" value="21"/>
    <property name="sun.cpu.isalist" value="amd64"/>
    <property name="sun.jnu.encoding" value="Cp1252"/>
    <property name="java.class.path" value="C:\Users\irving.velazquez\Documents\private\personalProjects\secret-santa\target\test-classes;C:\Users\irving.velazquez\Documents\private\personalProjects\secret-santa\target\classes;C:\Users\irving.velazquez\.m2\repository\org\projectlombok\lombok\1.18.34\lombok-1.18.34.jar;C:\Users\irving.velazquez\.m2\repository\org\apache\maven\plugins\maven-install-plugin\3.1.2\maven-install-plugin-3.1.2.jar;C:\Users\irving.velazquez\.m2\repository\org\apache\maven\resolver\maven-resolver-util\1.9.18\maven-resolver-util-1.9.18.jar;C:\Users\irving.velazquez\.m2\repository\org\apache\maven\resolver\maven-resolver-api\1.9.18\maven-resolver-api-1.9.18.jar;C:\Users\irving.velazquez\.m2\repository\org\codehaus\plexus\plexus-utils\4.0.1\plexus-utils-4.0.1.jar;C:\Users\irving.velazquez\.m2\repository\org\codehaus\plexus\plexus-xml\3.0.0\plexus-xml-3.0.0.jar;C:\Users\irving.velazquez\.m2\repository\org\apache\maven\plugins\maven-deploy-plugin\3.1.2\maven-deploy-plugin-3.1.2.jar;C:\Users\irving.velazquez\.m2\repository\org\junit\jupiter\junit-jupiter\5.10.3\junit-jupiter-5.10.3.jar;C:\Users\irving.velazquez\.m2\repository\org\junit\jupiter\junit-jupiter-api\5.10.3\junit-jupiter-api-5.10.3.jar;C:\Users\irving.velazquez\.m2\repository\org\opentest4j\opentest4j\1.3.0\opentest4j-1.3.0.jar;C:\Users\irving.velazquez\.m2\repository\org\junit\platform\junit-platform-commons\1.10.3\junit-platform-commons-1.10.3.jar;C:\Users\irving.velazquez\.m2\repository\org\apiguardian\apiguardian-api\1.1.2\apiguardian-api-1.1.2.jar;C:\Users\irving.velazquez\.m2\repository\org\junit\jupiter\junit-jupiter-params\5.10.3\junit-jupiter-params-5.10.3.jar;C:\Users\irving.velazquez\.m2\repository\org\junit\jupiter\junit-jupiter-engine\5.10.3\junit-jupiter-engine-5.10.3.jar;C:\Users\irving.velazquez\.m2\repository\org\junit\platform\junit-platform-engine\1.10.3\junit-platform-engine-1.10.3.jar;"/>
    <property name="java.vm.vendor" value="Oracle Corporation"/>
    <property name="sun.arch.data.model" value="64"/>
    <property name="user.variant" value=""/>
    <property name="java.vendor.url" value="https://java.oracle.com/"/>
    <property name="user.timezone" value="America/Mexico_City"/>
    <property name="os.name" value="Windows 10"/>
    <property name="java.vm.specification.version" value="21"/>
    <property name="sun.java.launcher" value="SUN_STANDARD"/>
    <property name="user.country" value="US"/>
    <property name="sun.boot.library.path" value="C:\Program Files\Java\jdk-21\bin"/>
    <property name="sun.java.command" value="C:\Users\irving.velazquez\AppData\Local\Temp\surefire6769762457473168107\surefirebooter-20241122181554866_3.jar C:\Users\irving.velazquez\AppData\Local\Temp\surefire6769762457473168107 2024-11-22T18-15-54_210-jvmRun1 surefire-20241122181554866_1tmp surefire_0-20241122181554866_2tmp"/>
    <property name="jdk.debug" value="release"/>
    <property name="surefire.test.class.path" value="C:\Users\irving.velazquez\Documents\private\personalProjects\secret-santa\target\test-classes;C:\Users\irving.velazquez\Documents\private\personalProjects\secret-santa\target\classes;C:\Users\irving.velazquez\.m2\repository\org\projectlombok\lombok\1.18.34\lombok-1.18.34.jar;C:\Users\irving.velazquez\.m2\repository\org\apache\maven\plugins\maven-install-plugin\3.1.2\maven-install-plugin-3.1.2.jar;C:\Users\irving.velazquez\.m2\repository\org\apache\maven\resolver\maven-resolver-util\1.9.18\maven-resolver-util-1.9.18.jar;C:\Users\irving.velazquez\.m2\repository\org\apache\maven\resolver\maven-resolver-api\1.9.18\maven-resolver-api-1.9.18.jar;C:\Users\irving.velazquez\.m2\repository\org\codehaus\plexus\plexus-utils\4.0.1\plexus-utils-4.0.1.jar;C:\Users\irving.velazquez\.m2\repository\org\codehaus\plexus\plexus-xml\3.0.0\plexus-xml-3.0.0.jar;C:\Users\irving.velazquez\.m2\repository\org\apache\maven\plugins\maven-deploy-plugin\3.1.2\maven-deploy-plugin-3.1.2.jar;C:\Users\irving.velazquez\.m2\repository\org\junit\jupiter\junit-jupiter\5.10.3\junit-jupiter-5.10.3.jar;C:\Users\irving.velazquez\.m2\repository\org\junit\jupiter\junit-jupiter-api\5.10.3\junit-jupiter-api-5.10.3.jar;C:\Users\irving.velazquez\.m2\repository\org\opentest4j\opentest4j\1.3.0\opentest4j-1.3.0.jar;C:\Users\irving.velazquez\.m2\repository\org\junit\platform\junit-platform-commons\1.10.3\junit-platform-commons-1.10.3.jar;C:\Users\irving.velazquez\.m2\repository\org\apiguardian\apiguardian-api\1.1.2\apiguardian-api-1.1.2.jar;C:\Users\irving.velazquez\.m2\repository\org\junit\jupiter\junit-jupiter-params\5.10.3\junit-jupiter-params-5.10.3.jar;C:\Users\irving.velazquez\.m2\repository\org\junit\jupiter\junit-jupiter-engine\5.10.3\junit-jupiter-engine-5.10.3.jar;C:\Users\irving.velazquez\.m2\repository\org\junit\platform\junit-platform-engine\1.10.3\junit-platform-engine-1.10.3.jar;"/>
    <property name="sun.cpu.endian" value="little"/>
    <property name="user.home" value="C:\Users\irving.velazquez"/>
    <property name="user.language" value="en"/>
    <property name="java.specification.vendor" value="Oracle Corporation"/>
    <property name="java.version.date" value="2024-01-16"/>
    <property name="java.home" value="C:\Program Files\Java\jdk-21"/>
    <property name="file.separator" value="\"/>
    <property name="basedir" value="C:\Users\irving.velazquez\Documents\private\personalProjects\secret-santa"/>
    <property name="java.vm.compressedOopsMode" value="Zero based"/>
    <property name="line.separator" value="&#10;"/>
    <property name="java.vm.specification.vendor" value="Oracle Corporation"/>
    <property name="java.specification.name" value="Java Platform API Specification"/>
    <property name="surefire.real.class.path" value="C:\Users\irving.velazquez\AppData\Local\Temp\surefire6769762457473168107\surefirebooter-20241122181554866_3.jar"/>
    <property name="user.script" value=""/>
    <property name="sun.management.compiler" value="HotSpot 64-Bit Tiered Compilers"/>
    <property name="java.runtime.version" value="21.0.2+13-58"/>
    <property name="user.name" value="irving.velazquez"/>
    <property name="stdout.encoding" value="Cp1252"/>
    <property name="path.separator" value=";"/>
    <property name="os.version" value="10.0"/>
    <property name="java.runtime.name" value="OpenJDK Runtime Environment"/>
    <property name="file.encoding" value="UTF-8"/>
    <property name="java.vm.name" value="OpenJDK 64-Bit Server VM"/>
    <property name="localRepository" value="C:\Users\irving.velazquez\.m2\repository"/>
    <property name="java.vendor.url.bug" value="https://bugreport.java.com/bugreport/"/>
    <property name="java.io.tmpdir" value="C:\Users\IRVING~1.VEL\AppData\Local\Temp\"/>
    <property name="java.version" value="21.0.2"/>
    <property name="user.dir" value="C:\Users\irving.velazquez\Documents\private\personalProjects\secret-santa"/>
    <property name="os.arch" value="amd64"/>
    <property name="java.vm.specification.name" value="Java Virtual Machine Specification"/>
    <property name="sun.os.patch.level" value=""/>
    <property name="native.encoding" value="Cp1252"/>
    <property name="java.library.path" value="C:\Program Files\Java\jdk-21\bin;C:\windows\Sun\Java\bin;C:\windows\system32;C:\windows;C:\windows\system32;C:\windows;C:\windows\System32\Wbem;C:\windows\System32\WindowsPowerShell\v1.0\;C:\windows\System32\OpenSSH\;%JAVA_HOME%\bin;C:\Program Files\nodejs\;C:\Program Files\Amazon\AWSCLIV2\;C:\Program Files\Docker\Docker\resources\bin;C:\Program Files\PuTTY\;%JQ%\;C:\Users\irving.velazquez\AppData\Local\Programs\Python\Python311\Scripts\;C:\Users\irving.velazquez\AppData\Local\Programs\Python\Python311\;C:\windows\system32\config\systemprofile\AppData\Local\Microsoft\WindowsApps;C:\Users\irving.velazquez\AppData\Roaming\npm;C:\Program Files\Apache\apache-maven-3.9.0\bin;C:\Program Files\Java\jdk-21\bin;C:\winutils\bin;C:\Users\irving.velazquez\AppData\Local\Programs\Microsoft VS Code\bin;;C:\Users\irving.velazquez\AppData\Local\Programs\Lens\resources\cli\bin;."/>
    <property name="java.vm.info" value="mixed mode, sharing"/>
    <property name="stderr.encoding" value="Cp1252"/>
    <property name="java.vendor" value="Oracle Corporation"/>
    <property name="java.vm.version" value="21.0.2+13-58"/>
    <property name="sun.io.unicode.encoding" value="UnicodeLittle"/>
    <property name="java.class.version" value="65.0"/>
  </properties>
  <testcase name="shouldTestSecretSanta" classname="better.cloud.SecretSantaTest" time="0.086">
    <system-out><![CDATA[:::FIRST SECRET SANTA:::
Gael -> {Arturo} 
Edgar -> {Gaby} 
Erick -> {Edgar} 
Darla -> {Gael} 
Angel -> {Darla} 
Diego -> {Angel} 
Dulce -> {Maria} 
Arturo -> {Flavio} 
Gaby -> {Gina} 
Flavio -> {Erick} 
Gina -> {Irving} 
Gabriela -> {Dulce} 
Irving -> {Diego} 
Maria -> {Gabriela} 

:::SECOND SECRET SANTA:::
Gael -> {Arturo,Erick} 
Edgar -> {Gaby,Arturo} 
Erick -> {Edgar,Gaby} 
Darla -> {Gael,Maria} 
Angel -> {Darla,Gabriela} 
Diego -> {Angel,Irving} 
Dulce -> {Maria,Edgar} 
Arturo -> {Flavio,Gina} 
Gaby -> {Gina,Flavio} 
Flavio -> {Erick,Dulce} 
Gina -> {Irving,Diego} 
Gabriela -> {Dulce,Darla} 
Irving -> {Diego,Angel} 
Maria -> {Gabriela,Gael} 

:::THIRD SECRET SANTA:::
Gael -> {Arturo,Erick,Maria} 
Edgar -> {Gaby,Arturo,Darla} 
Erick -> {Edgar,Gaby,Irving} 
Darla -> {Gael,Maria,Edgar} 
Angel -> {Darla,Gabriela,Dulce} 
Diego -> {Angel,Irving,Gabriela} 
Dulce -> {Maria,Edgar,Gaby} 
Arturo -> {Flavio,Gina,Diego} 
Gaby -> {Gina,Flavio,Gael} 
Flavio -> {Erick,Dulce,Arturo} 
Gina -> {Irving,Diego,Erick} 
Gabriela -> {Dulce,Darla,Gina} 
Irving -> {Diego,Angel,Flavio} 
Maria -> {Gabriela,Gael,Angel} 

]]></system-out>
  </testcase>
</testsuite>